<?xml version="1.0" encoding="UTF-8"?>
<testng-results total="1" passed="1" failed="0" skipped="0">
  <reporter-output>
  </reporter-output>
  <suite started-at="2024-01-20T10:52:50Z" name="Default suite" finished-at="2024-01-20T10:52:51Z" duration-ms="1146">
    <groups>
      <group name="cucumber">
        <method signature="TestRunner.feature(cucumber.api.testng.CucumberFeatureWrapper)[pri:0, instance:Runner.TestRunner@635572a7]" name="feature" class="Runner.TestRunner"/>
      </group> <!-- cucumber -->
    </groups>
    <test started-at="2024-01-20T10:52:50Z" name="Default test" finished-at="2024-01-20T10:52:51Z" duration-ms="1146">
      <class name="Runner.TestRunner">
        <test-method is-config="true" signature="setUpClass()[pri:0, instance:Runner.TestRunner@635572a7]" started-at="2024-01-20T16:22:50Z" name="setUpClass" finished-at="2024-01-20T16:22:50Z" duration-ms="373" status="PASS">
          <reporter-output>
          </reporter-output>
        </test-method> <!-- setUpClass -->
        <test-method signature="feature(cucumber.api.testng.CucumberFeatureWrapper)[pri:0, instance:Runner.TestRunner@635572a7]" started-at="2024-01-20T16:22:50Z" name="feature" description="Runs Cucumber Feature" data-provider="features" finished-at="2024-01-20T16:22:51Z" duration-ms="448" status="PASS">
          <params>
            <param index="0">
              <value>
                <![CDATA[1mg application test feature functionality]]>
              </value>
            </param>
          </params>
          <reporter-output>
          </reporter-output>
        </test-method> <!-- feature -->
        <test-method is-config="true" signature="tearDownClass()[pri:0, instance:Runner.TestRunner@635572a7]" started-at="2024-01-20T16:22:51Z" name="tearDownClass" finished-at="2024-01-20T16:22:51Z" duration-ms="220" status="PASS">
          <reporter-output>
          </reporter-output>
        </test-method> <!-- tearDownClass -->
      </class> <!-- Runner.TestRunner -->
    </test> <!-- Default test -->
  </suite> <!-- Default suite -->
</testng-results>
